agent="Senior Idea Analyst"
2024-10-10 17:05:16: task=THIS IS A GREAT IDEA! Analyze and expand it  by conducting a comprehensive research.
2024-10-10 17:05:16: status=started
agent="Senior Idea Analyst"
2024-10-10 17:05:58: task=# Comprehensive Idea Report: Unified Productivity Dashboard

## Overview
The "Unified Productivity Dashboard" is a transformative concept designed to consolidate key productivity metrics and tools into one powerful interface, dramatically improving team productivity and collaboration. This report highlights why this idea is exceptional and explores its value proposition, unique selling points, audience relevance, and distinguishing features.

## Why This is a Great Idea
At a time when remote and hybrid work models dominate, teams face unprecedented challenges in communication, task management, and project alignment. The Unified Productivity Dashboard addresses these pain points by providing a single solution where team members can manage tasks, monitor project progress, and derive actionable insights. This centralization not only streamlines workflows but also enhances transparency across teams.

Key insights reveal that organizations leveraging unified dashboards see significant improvements in efficiency. For instance, companies like Roche manage 30% more projects, while Sutherland has driven $1M in annual savings by automating processes. These examples illustrate the tangible benefits that a well-implemented dashboard can yield.

## Value Proposition
The core value proposition of the Unified Productivity Dashboard rests on the promise of enhanced productivity and improved collaboration. By offering real-time insights into workloads and project statuses, teams are empowered to make informed decisions that propel efficiency. The dashboard integrates seamlessly with popular tools like Google Workspace, Microsoft Project, and Slack, permitting a fluid workflow without the constant need for switching between applications.

## Unique Selling Points
1. **Centralized Interface**: Users can access all tools and metrics from a singular dashboard, facilitating easier navigation and project oversight.
2. **Real-Time Collaboration**: The dashboard allows for updates and feedback in real-time, ensuring that project stakeholders are continuously informed.
3. **AI-driven Insights**: Machine learning algorithms can analyze productivity patterns and suggest improvements, like reallocating tasks to alleviate bottlenecks.
4. **Customizability**: It offers a high degree of customization, allowing organizations to tailor metrics and visuals to their unique workflows and KPIs.

## Why People Should Care
The necessity of a Unified Productivity Dashboard extends beyond mere convenience—it speaks to a fundamental need for organizations to adapt to increasingly complex project environments. Given that employees spend an average of 28% of their work week managing emails and excessive meetings, a streamlined solution can reclaim this lost time, making businesses more agile and responsive.

Furthermore, with cybersecurity threats on the rise, offering secure collaborative tools that maintain productivity without compromising data integrity is paramount. A robust dashboard can ensure secure access controls while maintaining ease of use.

## Distinguishing Features
1. **Integration Capabilities**: It connects with over 1,000 business applications, from project management to customer relationship platforms, ensuring a seamless experience.
2. **Mobile Access**: Users can update tasks and check project statuses anywhere, ensuring that distributed teams remain connected.
3. **Automation of Routine Tasks**: By automating administrative tasks like time tracking and reporting, team members can focus on higher-value activities.
4. **Advanced Resource Management**: The dashboard enables users to manage resource allocation efficiently, with insights into team availability and capacity.

## Conclusion
The concept of a Unified Productivity Dashboard holds remarkable potential to revolutionize how organizations enhance their productivity. With its compelling value proposition, unique selling points, and an acute relevance to contemporary workforce needs, there's every reason to believe this idea could be an invaluable asset to teams striving for efficacy and collaboration in a fast-paced work environment. As businesses continue to navigate the complexities of modern project management, embracing such a solution could very well be the key to future success.

This report provides a solid foundation for moving forward with the idea of a Unified Productivity Dashboard, highlighting its critical elements that resonate with potential users and stakeholders.2024-10-10 17:05:58: status=completed
agent="Senior Communications Strategist"
2024-10-10 17:05:58: task=Expand idea report with a Why, How, and What  messaging strategy using the Golden Circle  Communication technique, based on the idea report.
2024-10-10 17:05:58: status=started
agent="Senior Communications Strategist"
2024-10-10 17:06:23: task=**Expanded Comprehensive Idea Report: Unified Productivity Dashboard**

## Overview
The "Unified Productivity Dashboard" is a transformative concept designed to consolidate key productivity metrics and tools into one powerful interface, dramatically improving team productivity and collaboration. This report highlights the "Why," "How," and "What" behind this idea, alongside the core message, key features, and supporting arguments.

## Why (Purpose)
At a time when remote and hybrid work models dominate, teams face unprecedented challenges in communication, task management, and project alignment. The Unified Productivity Dashboard addresses these pain points by providing a unique solution that empowers teams to thrive in complex environments.

- Organizations leveraging unified dashboards see significant efficiency improvements. Companies like Roche manage 30% more projects, while Sutherland saves $1M annually by automating processes. These results underscore the dashboard's effectiveness.

### Core Message
**"Unify your productivity, amplify your success."**

## How (Process)
The Unified Productivity Dashboard operates by integrating crucial tools and metrics into a centralized platform for real-time collaboration and insights.

- **Integration**: It seamlessly connects with popular tools such as Google Workspace, Microsoft Project, and Slack.
- **Customization**: The dashboard allows user-specific customization, aligning with individual organizational workflows and key performance indicators.
- **AI-driven Features**: Utilizing machine learning, the dashboard analyzes productivity patterns and provides actionable insights, driving continuous improvement. 

## What (Product)
The Unified Productivity Dashboard is a centralized interface designed to enhance productivity through the following key features:

1. **Centralized Interface**: Users can manage tasks and projects from a singular location, ensuring easier navigation and oversight.
2. **Real-Time Collaboration**: The platform supports instant updates and communication, keeping all stakeholders informed.
3. **AI-driven Insights**: Automated analytics identify inefficiencies and suggest task reallocations to resolve bottlenecks.
4. **Extensive Integration**: With connectivity to over 1,000 business applications, it ensures a seamless user experience.

## Key Features
1. **Mobile Access**: Team members can update tasks and monitor project statuses anytime and anywhere, fostering connectivity in distributed teams.
2. **Automation of Routine Tasks**: By handling administrative functions like time tracking, the dashboard frees up team members to focus on more strategic activities.
3. **Advanced Resource Management**: Insightful analytics on resource allocation allow teams to maximize efficiency and effectiveness.

## Supporting Arguments
- **Increased Efficiency**: The dashboard can reduce the time spent managing communications and meetings, which often consumes 28% of an employee's workweek.
- **Agility**: A responsive, organic approach to project management ensures teams can adapt swiftly to changing circumstances.
- **Security**: As cybersecurity threats grow, a unified platform can maintain robust access controls while ensuring productivity is not compromised.

## Conclusion
The Unified Productivity Dashboard promises to revolutionize how organizations enhance productivity in an increasingly complex work environment. By employing the Golden Circle method, we address the core motivations and processes that resonate with potential users. The compelling value proposition, unique selling points, and relevance to contemporary workforce needs reinforce that this idea could be a pivotal asset to enhance effectiveness and collaboration.

With a robust understanding of the "Why," "How," and "What," the foundation for advancing the Unified Productivity Dashboard concept is firmly established, paving the way for future success in modern project management.2024-10-10 17:06:23: status=completed
agent="Senior Idea Analyst"
2024-10-10 17:57:02: task=THIS IS A GREAT IDEA! Analyze and expand it  by conducting a comprehensive research.
2024-10-10 17:57:02: status=started
agent="Senior Idea Analyst"
2024-10-10 17:57:24: task=## Comprehensive Idea Report: Unified Productivity Dashboard

### Introduction
The "Unified Productivity Dashboard" concept revolves around maximizing team productivity by consolidating essential metrics, tools, and insights into a single user-friendly interface. By streamlining communication and task management, the dashboard fosters a more collaborative environment while enhancing real-time decision-making and accountability.

### Why This is a Great Idea

1. **Consolidation of Tools**: 
   - The dashboard allows teams to integrate various functions such as task management, project tracking, and team communication into one centralized platform. This integration eliminates the inefficiencies of switching between multiple applications, thereby saving time and facilitating easier access to information.

2. **Real-Time Insights**:
   - Providing real-time data enhances project visibility and keeps team members updated on progress and deadlines. This feature enables better forecasting and proactive management of potential bottlenecks, allowing teams to adapt swiftly to changes.

3. **Enhanced Collaboration**:
   - With built-in collaborative tools, teams can engage in discussions, share updates, and manage tasks directly within the dashboard. This fosters teamwork and improves the overall culture of collaboration, ensuring everyone is aligned with the goals of the project.

### Value Proposition
The Unified Productivity Dashboard provides a clear value proposition centered around increasing efficiency, improving team communication, and providing actionable insights through a centralized platform. It addresses several pain points commonly faced by teams, including fragmented communication, lack of visibility into project statuses, and the bureaucracy of managing multiple tools.

### Unique Selling Points

1. **Seamless Integration**: 
   - The ability to connect with over 1,000 business and project management applications ensures that users can continue to work with their preferred tools. Integrations with Google Workspace, Microsoft products, Slack, and Jira allow users to synchronize data effortlessly.

2. **Customizable Reporting**: 
   - Advanced reporting features enable users to generate personalized reports that provide deep insights into performance metrics. This flexibility differentiates the dashboard from competitors that may offer more rigid reporting structures.

3. **User-Centric Design**: 
   - A clean and modern interface enhances usability, making it easy for team members of all technical skill levels to engage with the dashboard without extensive training.

4. **Security Features**: 
   - With controls like user permissions, approval workflows, and compliance with industry security standards (e.g., SOC 2), teams can collaborate confidently while safeguarding sensitive project information.

### Why People Should Care

- **Increased Productivity**: 
   - Teams can save hours of administrative work through automation, allowing them to focus more on delivering results than on managing workflows.
  
- **Peace of Mind**: 
   - With information stored securely in one location, team members can access what they need without sifting through countless emails or messages. This not only enhances efficiency but also reduces stress related to miscommunication and lost information.

- **Scalability**:
   - The dashboard is designed to grow with the team. Customizable templates and easy duplicity of projects facilitate swift scaling, ensuring that as the team’s needs evolve, so too can their workspace.

### Distinguishing Features

1. **Artificial Intelligence Integration**:
   - The incorporation of AI-powered features—like formula generation and data insights—positions the Unified Productivity Dashboard as a forward-thinking tool that leverages technology to enhance decision-making.

2. **Comprehensive Portfolio Management**: 
   - Unlike standard project management tools, which may focus solely on task completion, the Unified Dashboard allows managers to view portfolio-level metrics, thus giving them insight into resource allocation, budget management, and project alignment across the organization.

3. **Mobile Accessibility**: 
   - With synchronization across mobile and desktop platforms, teams can manage projects wherever they go, facilitating flexibility and responsiveness to changing work environments.

### Conclusion
The "Unified Productivity Dashboard" concept represents a transformative approach to productivity management by enabling teams to access everything they need from a single source. By addressing core challenges faced by teams today—including fragmented tools, lack of visibility, and inefficient communication—this dashboard stands out as a game-changing solution that can enhance team productivity, improve collaboration, and drive better results for organizations of all sizes. 

This is not only a necessary tool for today's teams but also a strategic asset that could redefine how projects are managed in the future.2024-10-10 17:57:24: status=completed
agent="Senior Communications Strategist"
2024-10-10 17:57:24: task=Expand idea report with a Why, How, and What  messaging strategy using the Golden Circle  Communication technique, based on the idea report.
2024-10-10 17:57:24: status=started
agent="Senior Communications Strategist"
2024-10-10 17:57:51: task=## Comprehensive Idea Report: Unified Productivity Dashboard

### Introduction
The "Unified Productivity Dashboard" concept revolves around maximizing team productivity by consolidating essential metrics, tools, and insights into a single user-friendly interface. By streamlining communication and task management, the dashboard fosters a more collaborative environment while enhancing real-time decision-making and accountability.

### Why This is a Great Idea
1. **Consolidation of Tools**: The dashboard allows teams to integrate various functions such as task management, project tracking, and team communication into one centralized platform. This integration eliminates the inefficiencies of switching between multiple applications, thereby saving time and facilitating easier access to information.

2. **Real-Time Insights**: Providing real-time data enhances project visibility and keeps team members updated on progress and deadlines. This feature enables better forecasting and proactive management of potential bottlenecks, allowing teams to adapt swiftly to changes.

3. **Enhanced Collaboration**: With built-in collaborative tools, teams can engage in discussions, share updates, and manage tasks directly within the dashboard. This fosters teamwork and improves the overall culture of collaboration, ensuring everyone is aligned with the goals of the project.

### Why, How, What Messaging Strategy
- **Why**: Teams struggle with fragmented tools and inefficient communication, which hinder their productivity. The Unified Productivity Dashboard addresses these pain points by providing a seamless integration of essential project management functions.

- **How**: By combining task management, reporting, and collaborative tools into one easy-to-use platform, the dashboard supports real-time insights and adaptability. Features such as AI-generated formulas, customizable reporting, and robust integration options allow teams to work smarter and faster.

- **What**: The Unified Productivity Dashboard is a web-based platform that offers task management, project tracking, reporting, and collaboration tools all in one place. It integrates with popular applications such as Google Workspace, Microsoft products, and Slack, ensuring teams can work with their preferred tools.

### Core Message
"Transform your team's productivity with the Unified Productivity Dashboard—where collaboration meets efficiency in one powerful platform."

### Key Features
1. **Seamless Integration**: Connects with over 1,000 business and project management applications to keep data flowing and teams synced.
2. **Customizable Reporting**: Generate personalized reports for performance insights and strategic planning.
3. **User-Centric Design**: A modern and intuitive interface suitable for all team members, regardless of their tech skills.
4. **Security Features**: Implement user permissions, approval workflows, and compliance to protect sensitive information.

### Supporting Arguments
- **Increased Productivity**: Teams can save hours of administrative work through automation, which allows for a greater focus on results.
- **Peace of Mind**: Secure, centralized information reduces the risk of miscommunication and lost data, enhancing overall efficiency.
- **Scalability**: Designed to grow with the team, offering customizable templates and easy duplicity of projects.

### Distinguishing Features
1. **Artificial Intelligence Integration**: Utilizes AI tools to optimize productivity and enhance decision-making.
2. **Comprehensive Portfolio Management**: Offers portfolio-level insights for effective resource allocation and project alignment.
3. **Mobile Accessibility**: Enables project management on the go, accommodating flexible work environments.

### Conclusion
The "Unified Productivity Dashboard" concept represents a transformative approach to productivity management by enabling teams to access everything they need from a single source. This dashboard stands out as a solution that enhances productivity, improves collaboration, and drives better results across organizations of all sizes. 

This tool is more than just a necessity; it is a strategic asset poised to redefine how projects are managed in the future, effectively bridging the gaps that currently challenge modern teams.2024-10-10 17:57:51: status=completed
agent="Senior Idea Analyst"
2024-10-10 18:03:34: task=THIS IS A GREAT IDEA! Analyze and expand it  by conducting a comprehensive research.
2024-10-10 18:03:34: status=started
agent="Senior Idea Analyst"
2024-10-10 18:06:16: task=THIS IS A GREAT IDEA! Analyze and expand it  by conducting a comprehensive research.
2024-10-10 18:06:16: status=started
agent="Senior Idea Analyst"
2024-10-10 18:07:30: task=**Comprehensive Idea Report: Unified Productivity Dashboard**

**1. Introduction**
The concept of the "Unified Productivity Dashboard" seeks to streamline team productivity by providing a centralized platform where project management, collaboration, and real-time insights converge. This landing page will serve to introduce users to a powerful tool capable of enhancing organizational efficiency, transparent communication, and improved task management.

**2. Why This is a Great Idea**
In today’s fast-paced work environment, teams juggle multiple projects across various platforms, leading to inefficiencies, miscommunication, and diminished productivity. A Unified Productivity Dashboard simplifies this by consolidating key metrics and tools into a single interface. Users can enhance their focus and productivity, minimizing time spent navigating between different applications.

**3. Value Proposition**
The Unified Productivity Dashboard allows teams to gain real-time insights into their projects, leading to better decision-making. By integrating with existing tools (e.g., Google Drive, Slack, Jira), it ensures that all team members are aligned with organizational goals. The dashboard will also automate repetitive tasks, freeing up valuable time for strategic planning and execution.

**4. Unique Selling Points**
- **Centralized Information:** All project data, communications, and metrics in one place, reducing the need to switch between different applications.
- **Real-Time Collaboration:** Features that allow instant updates and comments, enhancing teamwork and accountability.
- **Customizable Layout:** Users can tailor their dashboard to fit their specific needs—showing only the metrics that matter to them.
- **Integration Flexibility:** Seamless connection with over 1,000 business and project management applications fosters an adaptable work environment.
- **Robust Reporting Tools:** Built-in capabilities to evaluate project performance and team productivity through charts and graphs.

**5. Why People Should Care**
Organizations are continually seeking methods to enhance their productivity and operational efficiency. The Unified Productivity Dashboard addresses common challenges such as communication breakdown, lack of visibility on project status, and inefficient resource allocation. By embracing this solution, teams can dramatically increase their capacity to manage workflows, inspire collaboration, and improve overall performance.

**6. Distinguishing Features**
- **Automated Reporting & Alerts:** Users receive real-time notifications on project updates, ensuring no critical developments go unnoticed.
- **Mobile Access:** Ensures managers and team members can update tasks and communicate progress from anywhere, increasing remote work effectiveness.
- **Advanced Resource Management:** Provides insights into resource allocation and workload balance, mitigating bottlenecks in project delivery.
- **Enhanced Security:** With customizable user roles and permissions, sensitive information remains secure while still being accessible to authorized team members.

**7. Conclusion**
The Unified Productivity Dashboard is positioned as an indispensable tool for modern organizations aiming to thrive in a collaborative landscape. By emphasizing ease of use, comprehensive integration, and real-time functionality, the dashboard promises not only to improve productivity but also to transform the way teams work together. With a clean, modern design and user-focused features, this innovative solution will resonate with diverse audiences eager to enhance their work processes.2024-10-10 18:07:30: status=completed
agent="Senior Communications Strategist"
2024-10-10 18:07:30: task=Expand idea report with a Why, How, and What  messaging strategy using the Golden Circle  Communication technique, based on the idea report.
2024-10-10 18:07:30: status=started
agent="Senior Communications Strategist"
2024-10-10 18:08:08: task=**Comprehensive Idea Report: Unified Productivity Dashboard**

**1. Introduction**
The concept of the "Unified Productivity Dashboard" seeks to streamline team productivity by providing a centralized platform where project management, collaboration, and real-time insights converge. This landing page will serve to introduce users to a powerful tool capable of enhancing organizational efficiency, transparent communication, and improved task management.

---

**2. Why (Purpose) This is a Great Idea**
In today’s fast-paced work environment, teams juggle multiple projects across various platforms, leading to inefficiencies, miscommunication, and diminished productivity. A Unified Productivity Dashboard consolidates key metrics and tools into a single interface, addressing the critical challenges organizations face today. With enhanced focus and productivity, teams can minimize time spent navigating across different applications and instead invest their energies in achieving results.

---

**3. How (Process) It Works**
The Unified Productivity Dashboard integrates seamlessly with existing tools, such as Google Drive, Slack, and Jira, providing a cohesive ecosystem for teams to thrive. By automating repetitive tasks and giving real-time insights into projects, team members are empowered to make informed decisions quickly. The dashboard allows for real-time collaboration, ensuring effective communication and alignment with organizational goals. 

---

**4. What (Product Details) You Get**
The Unified Productivity Dashboard is a comprehensive tool designed to centralize information and streamline workflow:

- **Core Message:** "Work Better Together: One Dashboard, Infinite Potential"
- **Key Features:**
    - Centralized Information: All project data, communications, and metrics in one place.
    - Real-Time Collaboration: Instant updates enhance teamwork and accountability.
    - Customizable Layout: Tailor your dashboard to show only relevant metrics.
    - Integration Flexibility: Connect with over 1,000 business and project management tools.
    - Robust Reporting Tools: Insights into project performance via charts and graphs.

---

**5. Why People Should Care**
Organizations are constantly striving to boost productivity and streamline operations. The Unified Productivity Dashboard addresses prevalent challenges like communication breakdowns, lack of visibility into project status, and inefficient resource allocation. By adopting this innovative solution, teams can dramatically enhance their capacity for managing workflows, fostering collaboration, and ultimately achieving better project outcomes.

---

**6. Distinguishing Features**
- **Automated Reporting & Alerts:** Users receive notifications on critical project updates.
- **Mobile Access:** Allows remote work effectiveness through task updates and communications from anywhere.
- **Advanced Resource Management:** Insights into workload balance aid in preventing bottlenecks.
- **Enhanced Security:** Customizable user roles and permissions secure sensitive information.

---

**7. Conclusion**
The Unified Productivity Dashboard is an essential tool for modern organizations aiming to thrive in a collaborative landscape. With its emphasis on ease of use, comprehensive integration, and real-time functionality, the dashboard not only enhances productivity but also transforms how teams work together. Its clean, modern design and user-focused features ensure that this innovative solution resonates with diverse audiences eager to elevate their work processes and achieve success.

---

This complete idea report, structured according to the Golden Circle method, is crafted to captivate and engage stakeholders, showcasing the compelling benefits and transformative potential of the Unified Productivity Dashboard.2024-10-10 18:08:08: status=completed
agent="Senior Idea Analyst"
2024-10-12 19:33:57: task=THIS IS A GREAT IDEA! Analyze and expand it  by conducting a comprehensive research.
IDEA:  ---------- non profit organization providing internships in open source 
2024-10-12 19:33:57: status=started
agent="Senior Idea Analyst"
2024-10-12 19:40:50: task=THIS IS A GREAT IDEA! Analyze and expand it  by conducting a comprehensive research.
IDEA:  ---------- non profit organization that helps students contirbute to open source code
2024-10-12 19:40:50: status=started
agent="Senior Idea Analyst"
2024-10-12 19:41:31: task=**Comprehensive Idea Report: Non-Profit Organization Supporting Student Contributions to Open Source Code**

**1. Introduction**
Contributing to open source code presents an invaluable opportunity for students to develop real-world software development skills, gain experience, and engage with a global community. However, many students encounter barriers that discourage them from participating, including a lack of knowledge, guidance, and confidence. A non-profit organization dedicated to assisting students in navigating their journey into open source contributions can make a significant impact, fostering skills and nurturing talent within the technology sector.

**2. Why This is a Great Idea**
The potential for growth in the tech industry continues to expand, driven by the increasing importance of software across all domains. By helping students engage with open source projects, this organization not only empowers individuals but also strengthens the open source community by ushering in new talent and fresh ideas. The approach of supporting students can democratize tech proficiency and create pathways to careers in technology.

**3. Value Proposition**
The core value proposition consists of offering hands-on support, training, mentorship, and resources to students seeking to contribute to open source. This aligns with ongoing industry demand for skilled developers and encourages students to transform their theoretical education into practical capabilities. Ultimately, students gain:
- **Skill Development**: Improved coding and project management skills.
- **Networking Opportunities**: Connections with industry mentors and peers.
- **Career Advancement**: Increased employability through concrete contributions to projects.

**4. Unique Selling Points**
- **Targeted Mentorship:** The organization can provide dedicated mentorship from professionals experienced in open source contributions.
- **Workshops and Training:** Regular workshops tailored to skill gaps, including Git, project management, and best practices for code contributions.
- **Collaboration with Established Programs:** Collaborations with existing initiatives like Google Summer of Code and The Outreachy to uphold a rich network of support.
- **Pathways to Certification:** Offering pathways to certification and badges to recognize student contributions to open source projects officially.

**5. Why People Should Care**
Supporting students in contributing to open source can cultivate a culture of sharing and collaboration. There are multiple factors that underpin the importance of this initiative:
- **Bridging Knowledge Gaps**: Many students lack access to mentors and resources. This organization addresses that foundational need.
- **Advancing Diversity**: Encouraging participation from underrepresented groups ensures that the tech landscape reflects a wider array of perspectives and experiences.
- **Contributing to Society**: Open source software impacts many aspects of day-to-day life. By encouraging student involvement, they become part of solutions that contribute positively to society.

**6. Distinguishing Features**
- **Focus on Accessibility**: The organization is intentionally designed to be inclusive and accessible, addressing barriers such as socioeconomic status, geographic location, and prior experience in programming.
- **Community Building**: Creating a strong sense of community through networking events, hackathons, and collaborative projects that transcend localities.
- **Feedback Loops**: Implementing systems for feedback from both students and mentors ensures continuous improvement of the programs offered.

**7. Conclusion**
A non-profit organization dedicated to helping students contribute to open source code not only supports individual growth and skills development but also enriches the broader tech community by fostering fresh talent and diverse perspectives. In an era where technology plays an integral role in everyday life, encouraging student participation in open source projects is an investment in the future of the tech workforce and the innovations that shape our world. By removing barriers to entry and supplying the necessary tools and support, this organization can play a crucial role in empowering the next generation of developers and thought leaders.2024-10-12 19:41:31: status=completed
agent="Senior Communications Strategist"
2024-10-12 19:41:31: task=Expand idea report with a Why, How, and What  messaging strategy using the Golden Circle  Communication technique, based on the idea report.
2024-10-12 19:41:31: status=started
agent="Senior Communications Strategist"
2024-10-12 19:42:10: task=---

**Comprehensive Idea Report: Non-Profit Organization Supporting Student Contributions to Open Source Code**

**1. Introduction**
Contributing to open source code presents an invaluable opportunity for students to develop real-world software development skills, gain experience, and engage with a global community. However, many students encounter barriers that discourage them from participating, including a lack of knowledge, guidance, and confidence. A non-profit organization dedicated to assisting students in navigating their journey into open source contributions can make a significant impact, fostering skills and nurturing talent within the technology sector.

**2. Why This is a Great Idea**
**Why:** The potential for growth in the tech industry continues to expand, driven by the increasing importance of software across all domains. By helping students engage with open source projects, this organization empowers individuals while strengthening the open source community, ushering in new talent and fresh ideas. This initiative contributes to democratizing tech proficiency and creating equitable pathways to technology careers.

**3. Value Proposition**
**How:** The core value proposition consists of offering hands-on support, training, mentorship, and resources to students seeking to contribute to open source. This aligns with ongoing industry demand for skilled developers and encourages students to translate their theoretical education into practical capabilities. 

**Students gain:**
- **Skill Development:** Improved coding and project management skills.
- **Networking Opportunities:** Connections with industry mentors and peers.
- **Career Advancement:** Increased employability through tangible contributions to projects.

**4. Unique Selling Points**
- **Targeted Mentorship:** Providing dedicated mentorship from professionals experienced in open source contributions.
- **Workshops and Training:** Regular workshops tailored to skill gaps, including Git usage, project management, and best practices for code contributions.
- **Collaboration with Established Programs:** Partnerships with initiatives like Google Summer of Code and The Outreachy to uphold a rich network of support.
- **Pathways to Certification:** Offering pathways to certification and badges to recognize student contributions formally.

**5. Why People Should Care**
**What:** Supporting students in contributing to open source fosters a culture of sharing and collaboration within technology. Key reasons for care include:
- **Bridging Knowledge Gaps:** Addressing the foundational need for access to mentors and resources for many students.
- **Advancing Diversity:** Encouraging participation from underrepresented groups ensures a tech landscape that reflects diverse perspectives and experiences.
- **Contributing to Society:** Open source software impacts many aspects of daily life. By encouraging student involvement, they contribute positively to innovations that serve society.

**6. Distinguishing Features**
- **Focus on Accessibility:** Designed to be inclusive and accessible, addressing barriers such as socioeconomic status, geographic location, and prior programming experience.
- **Community Building:** Creating a sense of community through networking events, hackathons, and collaborative projects that transcend localities.
- **Feedback Loops:** Implementing systems for feedback from both students and mentors ensures the continuous improvement of the programs.

**7. Conclusion**
A non-profit organization dedicated to helping students contribute to open source code not only supports individual growth and skills development but also enriches the broader tech community by fostering new talent and diverse perspectives. In an era where technology plays an integral role in everyday life, encouraging student participation in open source projects is an investment in the future of the tech workforce and the innovations that shape our world. By removing barriers to entry and supplying the necessary tools and support, this organization can play a crucial role in empowering the next generation of developers and thought leaders.

---

This report incorporates a structured messaging strategy using the Golden Circle technique, emphasizing the importance of clearly communicating the *why*, *how*, and *what* behind the initiative to effectively engage and inspire stakeholders.2024-10-12 19:42:10: status=completed
agent="Senior Idea Analyst"
2024-10-12 19:46:36: task=THIS IS A GREAT IDEA! Analyze and expand it  by conducting a comprehensive research.
IDEA:  ---------- non profit organization that helps students contirbute to open source code
2024-10-12 19:46:36: status=started
agent="Senior Idea Analyst"
2024-10-12 19:46:51: task=## Nonprofit Organization to Help Students Contribute to Open Source Code: Comprehensive Idea Report

### Essence of the Idea
The core premise of establishing a nonprofit organization aimed at assisting students in contributing to open source code revolves around harnessing the capabilities and interests of young developers while promoting collaborative software development. This organization would serve as a conduit for students to engage with real-world projects, gain mentorship from experienced developers, and build viable portfolios that enhance their employability.

### Why This is a Great Idea
1. **Empowerment through Education**: Engaging students in open source projects allows them to develop critical technical skills and an understanding of collaborative workflows, preparing them for the workforce.
2. **Bridging the Gap**: Many students face challenges in finding entry-level jobs due to lack of practical experience. This organization would provide them the platform to gain that experience through meaningful contributions.
3. **Community Building**: Open source thrives on community involvement. By creating a supportive environment, students can form networks, share knowledge, and promote diversity in tech.
4. **Celebrating Diversity**: This initiative can particularly focus on underrepresented groups in tech, enhancing inclusivity and belonging in the software development field.

### Value Proposition
The nonprofit offers a structured path for students to dive into open source projects while getting personalized mentorship. It targets students who are eager to understand open source contributions but may not know where or how to start. 

- **Mentorship**: Connects students with professionals who provide guidance throughout the contribution process, fostering both technical growth and industry insights.
- **Training Programs**: Offers workshops and resources on coding best practices, version control systems, and project management, equipping students with the necessary tools to succeed.
- **Networking Opportunities**: Facilitates meetups, hackathons, and collaborative projects where students can connect with peers and industry professionals.

### Unique Selling Points
- **Tailored Onboarding**: Unlike generalized coding bootcamps, this program offers onboarding processes tailored to the differing skill levels of participants, from novice to advanced.
- **Collaborative Experience**: Engages students in existing open source projects through collaboration with established organizations and communities, thereby enhancing practical, real-world project experience.
- **Certification**: Provides certifications that validate students' contributions, boosting their resumes to prospective employers.
- **Partnerships**: Collaborates with tech companies to facilitate student placements, internships, and job opportunities connected directly to project contributions.

### Why People Should Care
Open source is foundational to much of the technology and software development today. Engaging the next generation in this practice cultivates a skilled workforce that can innovate and drive the technology of tomorrow. Additionally, supporting educational initiatives that enhance career readiness helps address the broader societal challenge of unemployment among youth, particularly in underserved communities.

### Distinguishing Features
- **Focus on Accessibility**: The organization prioritizes inclusivity by targeting underrepresented populations in tech, including women and minorities, potentially through scholarships for students who require financial assistance.
- **Structured Programs**: Offering structured pathways to satisfy both organizational needs and student aspirations, aligning projects with students' areas of interest and expertise.
- **Recognition of Contributions**: Implements a system for recognizing and rewarding student contributions, perhaps through events or ceremonies that showcase their work.

### Conclusion
The concept of establishing a nonprofit organization to help students contribute to open source code resonates deeply with a critical need in both the educational and tech communities. By promoting mentorship, facilitating skill development, and fostering a strong sense of community, this initiative not only supports individual career growth but also enhances the rich tapestry of the open source ecosystem. Ultimately, the success of this organization can redefine pathways to tech careers for students across the globe, ensuring a vibrant and diverse future within the industry.2024-10-12 19:46:51: status=completed
agent="Senior Communications Strategist"
2024-10-12 19:46:51: task=Expand idea report with a Why, How, and What  messaging strategy using the Golden Circle  Communication technique, based on the idea report.
2024-10-12 19:46:51: status=started
agent="Senior Communications Strategist"
2024-10-12 19:48:32: task=## Nonprofit Organization to Help Students Contribute to Open Source Code: Comprehensive Idea Report

### Essence of the Idea
The core premise of establishing a nonprofit organization aimed at assisting students in contributing to open source code revolves around harnessing the capabilities and interests of young developers while promoting collaborative software development. This organization would serve as a conduit for students to engage with real-world projects, gain mentorship from experienced developers, and build viable portfolios that enhance their employability.

### Why This is a Great Idea
1. **Empowerment through Education**: Engaging students in open source projects allows them to develop critical technical skills and an understanding of collaborative workflows, preparing them for the workforce.
2. **Bridging the Gap**: Many students face challenges in finding entry-level jobs due to lack of practical experience. This organization would provide them the platform to gain that experience through meaningful contributions.
3. **Community Building**: Open source thrives on community involvement. By creating a supportive environment, students can form networks, share knowledge, and promote diversity in tech.
4. **Celebrating Diversity**: This initiative can particularly focus on underrepresented groups in tech, enhancing inclusivity and belonging in the software development field.

### Value Proposition
The nonprofit offers a structured path for students to dive into open source projects while getting personalized mentorship. It targets students who are eager to understand open source contributions but may not know where or how to start.

- **Mentorship**: Connects students with professionals who provide guidance throughout the contribution process, fostering both technical growth and industry insights.
- **Training Programs**: Offers workshops and resources on coding best practices, version control systems, and project management, equipping students with the necessary tools to succeed.
- **Networking Opportunities**: Facilitates meetups, hackathons, and collaborative projects where students can connect with peers and industry professionals.

### Unique Selling Points
- **Tailored Onboarding**: Unlike generalized coding bootcamps, this program offers onboarding processes tailored to the differing skill levels of participants, from novice to advanced.
- **Collaborative Experience**: Engages students in existing open source projects through collaboration with established organizations and communities, thereby enhancing practical, real-world project experience.
- **Certification**: Provides certifications that validate students' contributions, boosting their resumes to prospective employers.
- **Partnerships**: Collaborates with tech companies to facilitate student placements, internships, and job opportunities connected directly to project contributions.

### Why People Should Care
Open source is foundational to much of the technology and software development today. Engaging the next generation in this practice cultivates a skilled workforce that can innovate and drive the technology of tomorrow. Additionally, supporting educational initiatives that enhance career readiness helps address the broader societal challenge of unemployment among youth, particularly in underserved communities.

### Distinguishing Features
- **Focus on Accessibility**: The organization prioritizes inclusivity by targeting underrepresented populations in tech, including women and minorities, potentially through scholarships for students who require financial assistance.
- **Structured Programs**: Offering structured pathways to satisfy both organizational needs and student aspirations, aligning projects with students' areas of interest and expertise.
- **Recognition of Contributions**: Implements a system for recognizing and rewarding student contributions, perhaps through events or ceremonies that showcase their work.

### Core Message: "Empower the Next Generation of Developers"
This initiative aims to empower students by providing them with the tools, resources, and community support needed to successfully contribute to the open-source world and build sustainable careers.

### Golden Circle Messaging Strategy

#### **WHY**
**Purpose and Inspiration**: The organization exists to empower young developers by giving them a platform to gain not just technical skills, but also the experience necessary to bridge the gap between education and employment. Engaging in open-source is not simply about writing code but fostering a culture of collaboration, innovation, and diversity, which can lead to positive social impact.

#### **HOW**
**Execution and Differentiation**: By offering personalized mentorship from seasoned professionals, structured learning paths, and networking opportunities, the organization facilitates a transformative experience for students. Tailored onboarding ensures that participants can enter at their own skill level, making the onboarding process inclusive and engaging.

#### **WHAT**
**Offerings and Impact**: The organization provides access to open source projects, mentorship opportunities, workshops, and certifications that acknowledge students' contributions. By equipping students with these resources, they not only enhance their resumes but also become part of a supportive community of like-minded individuals passionate about technology.

### Conclusion
The concept of establishing a nonprofit organization to help students contribute to open source code resonates deeply with a critical need in both the educational and tech communities. By promoting mentorship, facilitating skill development, and fostering a strong sense of community, this initiative not only supports individual career growth but also enhances the rich tapestry of the open source ecosystem. Ultimately, the success of this organization can redefine pathways to tech careers for students across the globe, ensuring a vibrant and diverse future within the industry.2024-10-12 19:48:32: status=completed
agent="Senior Idea Analyst"
2024-10-12 20:06:25: task=THIS IS A GREAT IDEA! Analyze and expand it  by conducting a comprehensive research.
IDEA:  ---------- non profit organization that helps students contirbute to open source code
2024-10-12 20:06:25: status=started
agent="Senior Idea Analyst"
2024-10-12 20:10:58: task=THIS IS A GREAT IDEA! Analyze and expand it  by conducting a comprehensive research.
IDEA:  ---------- non profit organization that helps students contirbute to open source code
2024-10-12 20:10:58: status=started
agent="Senior Idea Analyst"
2024-10-12 20:13:51: task=# Comprehensive Idea Report: Non-Profit Organization Supporting Students in Open Source Contribution

## Introduction
In today's fast-paced technological world, students must be equipped with practical skills that align with real-world demands. A non-profit organization dedicated to helping students contribute to open-source code represents a groundbreaking opportunity that can transform the educational landscape while enabling greater community engagement and technological innovation.

## Why This is a Great Idea
1. **Skill Development**: Contributing to open-source projects allows students to acquire essential software development skills. Through hands-on experience, they learn programming, debugging, testing, and documentation—all of which are highly valued in the job market.

2. **Networking Opportunities**: Open-source contributions often involve collaboration with experienced developers, opening doors to professional networking. Such connections can lead to mentorship opportunities and job offers, enhancing career advancement.

3. **Real-World Experience**: Students working on live projects gain insights into industry standards, best practices, and tools. They engage with complex codebases that provide exposure to numerous technologies, fostering a deeper understanding of the software development life cycle.

4. **Community Building and Social Impact**: By participating in open-source initiatives, students contribute to projects that serve a wider community, addressing real societal needs. This creates a sense of purpose and encourages civic engagement.

## Value Proposition
The non-profit organization can play a vital role in bridging the gap between academia and the tech industry. By offering resources and structured programs, it can nurture emerging talent, drive collaboration, and foster innovation. Students who contribute to open source not only enhance their skills but also build a portfolio of their work that stands out to potential employers.

## Unique Selling Points
1. **Structured Program**: The organization can create a clear, structured pathway for students, from recruitment to contribution, including workshops, mentorship, and project guidance.
   
2. **Focus on Inclusivity**: Special outreach programs aimed at underrepresented groups can ensure diversity, promoting an inclusive technology community.

3. **Partnerships with Educational Institutions**: Collaborating with universities and colleges can create formal programs where students earn credit for their contributions, thus integrating open-source activities into the educational curriculum.

4. **Community Support**: The organization can offer ongoing support through forums, Q&A sessions, and community events that cultivate a culture of learning and sharing.

## Why People Should Care
1. **Empowerment of Future Generations**: This initiative empowers students to take ownership of their education and careers by equipping them with the skills and experiences necessary to thrive in the tech industry.

2. **Contribution to Societal Good**: Open-source projects often address pressing social issues. By contributing, students engage in meaningful work that creates positive social impacts.

3. **Innovation through Collaboration**: Open-source fosters a culture of collaboration and knowledge sharing that leads to innovations, which benefit society as a whole. Fostering this in students can lead to the next wave of technological advancements.

## Distinguishing Features
1. **Emphasis on Practical Learning**: The non-profit focuses on real-world projects rather than theoretical knowledge, ensuring that participants develop tangible skills.

2. **Ongoing Mentorship and Guidance**: Providing continuous support and mentorship from industry professionals helps to sustain participant engagement and growth.

3. **Clear Metrics for Success**: By establishing metrics for measuring the impact of contributions, the organization can demonstrate effectiveness and attract more support and funding.

## Conclusion
Establishing a non-profit organization aimed at helping students contribute to open source code is not just an educational initiative; it represents a significant step towards creating a more skilled, engaged, and socially responsible generation of tech professionals. By focusing on collaboration, innovation, and community impact, this organization can become a pivotal force in shaping the future of technology and education.2024-10-12 20:13:51: status=completed
agent="Senior Communications Strategist"
2024-10-12 20:13:51: task=Expand idea report with a Why, How, and What  messaging strategy using the Golden Circle  Communication technique, based on the idea report.
2024-10-12 20:13:51: status=started
agent="Senior Communications Strategist"
2024-10-12 20:14:29: task=# Comprehensive Idea Report: Non-Profit Organization Supporting Students in Open Source Contribution

## Introduction
In today's fast-paced technological world, students must be equipped with practical skills that align with real-world demands. A non-profit organization dedicated to helping students contribute to open-source code represents a groundbreaking opportunity that can transform the educational landscape while enabling greater community engagement and technological innovation.

## Why
The foundation of the initiative lies in the compelling 'Why' that drives its purpose:

1. **Empowering Future Generations**: The organization aims to empower students to take ownership of their education and careers by equipping them with essential skills and experiences necessary for the tech industry.

2. **Catalyst for Social Good**: Open-source projects often tackle pressing social issues. By engaging in such initiatives, students contribute to work that makes a positive impact on society, fostering civic responsibility.

3. **Innovation through Collaboration**: The focus on open-source contributes to a culture of collaboration and shared knowledge. As students participate, they become part of a movement that inspires technological advancement for societal benefits.

## How
The 'How' outlines the strategies and approaches that the organization will use to achieve its goals:

1. **Structured Program**: A well-defined pathway for students will be created, encompassing workshops, mentorship opportunities, and comprehensive project guidance to facilitate the contribution to open-source projects.

2. **Inclusivity Focus**: By implementing outreach programs targeting underrepresented groups, the organization ensures a diverse and inclusive technological community.

3. **Partnership with Educational Institutions**: Collaborations with universities and colleges will be established to create formal programs, allowing students to earn academic credit for their open-source contributions, seamlessly integrating into their educational curriculum.

4. **Community Engagement**: The organization will provide ongoing support through forums, Q&A sessions, and community events that promote learning and the sharing of knowledge.

## What
The 'What' focuses on the tangible offerings of the organization:

1. **Open-source Contribution Opportunities**: Students will gain access to various open-source projects tailored to beginner, intermediate, and advanced skill levels, making contributions based on their capabilities.

2. **Mentorship and Guidance**: Continuous mentorship from experienced industry professionals ensures that students receive the guidance necessary to navigate their open-source projects effectively.

3. **Skill and Competency Development**: Through engagement in projects, students sharpen vital skills such as programming, debugging, testing, and documentation, forming a strong foundation for their careers.

4. **Community Feedback and Recognition**: The organization will implement mechanisms for feedback on student contributions, recognizing their efforts and providing a platform to showcase their work to potential employers.

## Core Message
"Empower the next generation of tech professionals by fostering open-source contributions that inspire change, build skills, and strengthen communities."

## Key Features
1. **Practical Skill Development:** The emphasis on hands-on experience ensures that theoretical knowledge translates into real-world competency.

2. **Ongoing Mentorship:** Continuous guidance from industry professionals cultivates an environment where students can thrive and remain engaged.

3. **Diversity and Inclusivity:** Special programs tailored for underrepresented communities promote a balanced technological ecosystem.

4. **Community Impact:** Students engage in meaningful work that addresses societal challenges through open-source projects.

## Supporting Arguments
1. **Future-Ready Students**: As the initiative prepares students for the complexities of the tech landscape, they become sought-after candidates in an increasingly competitive job market.

2. **Creating Social Change**: The commitment to open-source contribution amplifies the organization's impact on social issues, fostering a sense of purpose among participants.

3. **Innovative Collaboration**: By nurturing collaborative projects, the organization contributes to a rich ecosystem of innovation that generates valuable solutions for communities.

4. **Measurable Outcomes**: By establishing metrics to evaluate the impact of contributions, the organization can demonstrate effectiveness, attracting further support and funding.

## Conclusion
Establishing a non-profit organization aimed at helping students contribute to open source code is not just an educational initiative; it represents a significant step towards creating a more skilled, engaged, and socially responsible generation of tech professionals. By focusing on collaboration, innovation, and community impact, this initiative can become a pivotal force in shaping the future of technology and education.2024-10-12 20:14:29: status=completed
